<?xml version="1.0" encoding="UTF-8"?>
<!-- Generated by org.testng.reporters.JUnitReportReporter -->
<testsuite skipped="0" hostname="ENGLON132476L" name="gistComment.GetComm" tests="3" failures="0" timestamp="29 Sep 2018 07:36:10 GMT" time="6.610" errors="0">
  <testcase name="testResponsecode" time="3.162" classname="gistComment.GetComm"/>
  <testcase name="timetaken" time="1.376" classname="gistComment.GetComm"/>
  <testcase name="testbody" time="2.072" classname="gistComment.GetComm"/>
</testsuite> <!-- gistComment.GetComm -->
